{"level":"error","message":"sign up error :  passowrd is not defined","service":"user-service","stack":"ReferenceError: passowrd is not defined\n    at signup (file:///E:/devops%20project/acquisitions/src/controllers/auth.controller.js:22:49)\n    at Layer.handleRequest (E:\\devops project\\acquisitions\\node_modules\\router\\lib\\layer.js:152:17)\n    at next (E:\\devops project\\acquisitions\\node_modules\\router\\lib\\route.js:157:13)\n    at Route.dispatch (E:\\devops project\\acquisitions\\node_modules\\router\\lib\\route.js:117:3)\n    at handle (E:\\devops project\\acquisitions\\node_modules\\router\\index.js:435:11)\n    at Layer.handleRequest (E:\\devops project\\acquisitions\\node_modules\\router\\lib\\layer.js:152:17)\n    at E:\\devops project\\acquisitions\\node_modules\\router\\index.js:295:15\n    at processParams (E:\\devops project\\acquisitions\\node_modules\\router\\index.js:582:12)\n    at next (E:\\devops project\\acquisitions\\node_modules\\router\\index.js:291:5)\n    at Function.handle (E:\\devops project\\acquisitions\\node_modules\\router\\index.js:186:3)"}
{"level":"error","message":"sign up error :  passowrd is not defined","service":"user-service","stack":"ReferenceError: passowrd is not defined\n    at signup (file:///E:/devops%20project/acquisitions/src/controllers/auth.controller.js:22:49)\n    at Layer.handleRequest (E:\\devops project\\acquisitions\\node_modules\\router\\lib\\layer.js:152:17)\n    at next (E:\\devops project\\acquisitions\\node_modules\\router\\lib\\route.js:157:13)\n    at Route.dispatch (E:\\devops project\\acquisitions\\node_modules\\router\\lib\\route.js:117:3)\n    at handle (E:\\devops project\\acquisitions\\node_modules\\router\\index.js:435:11)\n    at Layer.handleRequest (E:\\devops project\\acquisitions\\node_modules\\router\\lib\\layer.js:152:17)\n    at E:\\devops project\\acquisitions\\node_modules\\router\\index.js:295:15\n    at processParams (E:\\devops project\\acquisitions\\node_modules\\router\\index.js:582:12)\n    at next (E:\\devops project\\acquisitions\\node_modules\\router\\index.js:291:5)\n    at Function.handle (E:\\devops project\\acquisitions\\node_modules\\router\\index.js:186:3)"}
{"level":"error","message":"sign up error :  password is not defined","service":"user-service","stack":"ReferenceError: password is not defined\n    at signup (file:///E:/devops%20project/acquisitions/src/controllers/auth.controller.js:22:54)\n    at Layer.handleRequest (E:\\devops project\\acquisitions\\node_modules\\router\\lib\\layer.js:152:17)\n    at next (E:\\devops project\\acquisitions\\node_modules\\router\\lib\\route.js:157:13)\n    at Route.dispatch (E:\\devops project\\acquisitions\\node_modules\\router\\lib\\route.js:117:3)\n    at handle (E:\\devops project\\acquisitions\\node_modules\\router\\index.js:435:11)\n    at Layer.handleRequest (E:\\devops project\\acquisitions\\node_modules\\router\\lib\\layer.js:152:17)\n    at E:\\devops project\\acquisitions\\node_modules\\router\\index.js:295:15\n    at processParams (E:\\devops project\\acquisitions\\node_modules\\router\\index.js:582:12)\n    at next (E:\\devops project\\acquisitions\\node_modules\\router\\index.js:291:5)\n    at Function.handle (E:\\devops project\\acquisitions\\node_modules\\router\\index.js:186:3)"}
{"level":"error","message":"sign up error :  password is not defined","service":"user-service","stack":"ReferenceError: password is not defined\n    at signup (file:///E:/devops%20project/acquisitions/src/controllers/auth.controller.js:22:54)\n    at Layer.handleRequest (E:\\devops project\\acquisitions\\node_modules\\router\\lib\\layer.js:152:17)\n    at next (E:\\devops project\\acquisitions\\node_modules\\router\\lib\\route.js:157:13)\n    at Route.dispatch (E:\\devops project\\acquisitions\\node_modules\\router\\lib\\route.js:117:3)\n    at handle (E:\\devops project\\acquisitions\\node_modules\\router\\index.js:435:11)\n    at Layer.handleRequest (E:\\devops project\\acquisitions\\node_modules\\router\\lib\\layer.js:152:17)\n    at E:\\devops project\\acquisitions\\node_modules\\router\\index.js:295:15\n    at processParams (E:\\devops project\\acquisitions\\node_modules\\router\\index.js:582:12)\n    at next (E:\\devops project\\acquisitions\\node_modules\\router\\index.js:291:5)\n    at Function.handle (E:\\devops project\\acquisitions\\node_modules\\router\\index.js:186:3)"}
{"level":"error","message":"error creating user eq is not defined","service":"user-service","stack":"ReferenceError: eq is not defined\n    at createUser (file:///E:/devops%20project/acquisitions/src/services/auth.service.js:20:7)\n    at signup (file:///E:/devops%20project/acquisitions/src/controllers/auth.controller.js:22:28)\n    at Layer.handleRequest (E:\\devops project\\acquisitions\\node_modules\\router\\lib\\layer.js:152:17)\n    at next (E:\\devops project\\acquisitions\\node_modules\\router\\lib\\route.js:157:13)\n    at Route.dispatch (E:\\devops project\\acquisitions\\node_modules\\router\\lib\\route.js:117:3)\n    at handle (E:\\devops project\\acquisitions\\node_modules\\router\\index.js:435:11)\n    at Layer.handleRequest (E:\\devops project\\acquisitions\\node_modules\\router\\lib\\layer.js:152:17)\n    at E:\\devops project\\acquisitions\\node_modules\\router\\index.js:295:15\n    at processParams (E:\\devops project\\acquisitions\\node_modules\\router\\index.js:582:12)\n    at next (E:\\devops project\\acquisitions\\node_modules\\router\\index.js:291:5)"}
{"level":"error","message":"sign up error :  error creating user","service":"user-service","stack":"Error: error creating user\n    at createUser (file:///E:/devops%20project/acquisitions/src/services/auth.service.js:34:11)\n    at signup (file:///E:/devops%20project/acquisitions/src/controllers/auth.controller.js:22:28)\n    at Layer.handleRequest (E:\\devops project\\acquisitions\\node_modules\\router\\lib\\layer.js:152:17)\n    at next (E:\\devops project\\acquisitions\\node_modules\\router\\lib\\route.js:157:13)\n    at Route.dispatch (E:\\devops project\\acquisitions\\node_modules\\router\\lib\\route.js:117:3)\n    at handle (E:\\devops project\\acquisitions\\node_modules\\router\\index.js:435:11)\n    at Layer.handleRequest (E:\\devops project\\acquisitions\\node_modules\\router\\lib\\layer.js:152:17)\n    at E:\\devops project\\acquisitions\\node_modules\\router\\index.js:295:15\n    at processParams (E:\\devops project\\acquisitions\\node_modules\\router\\index.js:582:12)\n    at next (E:\\devops project\\acquisitions\\node_modules\\router\\index.js:291:5)"}
{"level":"error","message":"error creating user User alredy exisits","service":"user-service","stack":"Error: User alredy exisits\n    at createUser (file:///E:/devops%20project/acquisitions/src/services/auth.service.js:24:48)\n    at process.processTicksAndRejections (node:internal/process/task_queues:105:5)\n    at async signup (file:///E:/devops%20project/acquisitions/src/controllers/auth.controller.js:22:22)"}
{"level":"error","message":"sign up error :  error creating user","service":"user-service","stack":"Error: error creating user\n    at createUser (file:///E:/devops%20project/acquisitions/src/services/auth.service.js:35:11)\n    at process.processTicksAndRejections (node:internal/process/task_queues:105:5)\n    at async signup (file:///E:/devops%20project/acquisitions/src/controllers/auth.controller.js:22:22)"}
{"level":"error","message":"Error authenticating user: ReferenceError: users is not defined","service":"user-service"}
{"level":"error","message":"Sign in error users is not defined","service":"user-service","stack":"ReferenceError: users is not defined\n    at authenticateUser (file:///E:/devops%20project/acquisitions/src/services/auth.service.js:43:13)\n    at signIn (file:///E:/devops%20project/acquisitions/src/controllers/auth.controller.js:63:24)\n    at Layer.handleRequest (E:\\devops project\\acquisitions\\node_modules\\router\\lib\\layer.js:152:17)\n    at next (E:\\devops project\\acquisitions\\node_modules\\router\\lib\\route.js:157:13)\n    at Route.dispatch (E:\\devops project\\acquisitions\\node_modules\\router\\lib\\route.js:117:3)\n    at handle (E:\\devops project\\acquisitions\\node_modules\\router\\index.js:435:11)\n    at Layer.handleRequest (E:\\devops project\\acquisitions\\node_modules\\router\\lib\\layer.js:152:17)\n    at E:\\devops project\\acquisitions\\node_modules\\router\\index.js:295:15\n    at processParams (E:\\devops project\\acquisitions\\node_modules\\router\\index.js:582:12)\n    at next (E:\\devops project\\acquisitions\\node_modules\\router\\index.js:291:5)"}
{"level":"error","message":"Error authenticating user: ReferenceError: comparePassword is not defined","service":"user-service"}
{"level":"error","message":"Sign in error comparePassword is not defined","service":"user-service","stack":"ReferenceError: comparePassword is not defined\n    at authenticateUser (file:///E:/devops%20project/acquisitions/src/services/auth.service.js:51:29)\n    at process.processTicksAndRejections (node:internal/process/task_queues:105:5)\n    at async signIn (file:///E:/devops%20project/acquisitions/src/controllers/auth.controller.js:63:18)"}
